<?xml version="1.0" encoding="UTF-8"?>
<!-- Generated by org.testng.reporters.JUnitXMLReporter -->
<testsuite hostname="Gouravs-MacBook-Air.local" name="Default test" tests="11" failures="0" timestamp="6 Oct 2018 15:47:07 GMT" time="22.287" errors="0">
  <testcase name="validPracticeDropdown" time="0.754" classname="WebTestFrame.ValidatePractice"/>
  <testcase name="validPracticeRadio" time="0.337" classname="WebTestFrame.ValidatePractice"/>
  <testcase name="validSuggessionTxtBox" time="0.296" classname="WebTestFrame.ValidatePractice"/>
  <testcase name="validPracticeCheckbox" time="0.346" classname="WebTestFrame.ValidatePractice"/>
  <testcase name="validPracticeSwitchWindow" time="0.536" classname="WebTestFrame.ValidatePractice"/>
  <testcase name="validPracticeSwitchTab" time="0.473" classname="WebTestFrame.ValidatePractice"/>
  <testcase name="validPracticeSwitchAlert" time="0.435" classname="WebTestFrame.ValidatePractice"/>
  <testcase name="validPracticeElementDisplayed" time="0.395" classname="WebTestFrame.ValidatePractice"/>
  <testcase name="validPracticeWebTable" time="0.272" classname="WebTestFrame.ValidatePractice"/>
  <testcase name="validPracMouseHovrTop" time="0.238" classname="WebTestFrame.ValidatePractice"/>
  <testcase name="validPracMouseHovrReload" time="2.038" classname="WebTestFrame.ValidatePractice"/>
</testsuite> <!-- Default test -->
