<?xml version="1.0" encoding="UTF-8"?>
<!-- Generated by org.testng.reporters.JUnitXMLReporter -->
<testsuite hostname="Gouravs-MacBook-Air.local" name="Smoke2" tests="2" failures="2" timestamp="17 Aug 2018 00:10:42 GMT" time="0.013" errors="0">
  <testcase name="validNaviBarCourses" time="0.003" classname="WebTestFrame.validateHomePage">
    <failure type="java.lang.NullPointerException">
      <![CDATA[java.lang.NullPointerException
	at WebTestFrame.validateHomePage.validNaviBarCourses(validateHomePage.java:343)
... Removed 24 stack frames]]>
    </failure>
  </testcase> <!-- validNaviBarCourses -->
  <testcase name="validNaviBarCourses" time="0.009" classname="WebTestFrame.validateHomePage">
    <failure type="java.lang.NullPointerException">
      <![CDATA[java.lang.NullPointerException
	at resources.base.getScreenShot(base.java:57)
	at WebTestFrame.listeners.onTestFailure(listeners.java:32)
... Removed 21 stack frames]]>
    </failure>
  </testcase> <!-- validNaviBarCourses -->
</testsuite> <!-- Smoke2 -->
