<?xml version="1.0" encoding="UTF-8"?>
<!-- Generated by org.testng.reporters.JUnitXMLReporter -->
<testsuite hostname="Gouravs-MacBook-Air.local" name="Test4" tests="11" failures="0" timestamp="18 Nov 2018 18:59:28 GMT" time="20.818" errors="0">
  <testcase name="validPracticeDropdown" time="0.641" classname="WebTestFrame.ValidatePractice"/>
  <testcase name="validPracticeRadio" time="0.395" classname="WebTestFrame.ValidatePractice"/>
  <testcase name="validSuggessionTxtBox" time="0.314" classname="WebTestFrame.ValidatePractice"/>
  <testcase name="validPracticeCheckbox" time="0.409" classname="WebTestFrame.ValidatePractice"/>
  <testcase name="validPracticeSwitchWindow" time="0.447" classname="WebTestFrame.ValidatePractice"/>
  <testcase name="validPracticeSwitchTab" time="0.454" classname="WebTestFrame.ValidatePractice"/>
  <testcase name="validPracticeSwitchAlert" time="0.329" classname="WebTestFrame.ValidatePractice"/>
  <testcase name="validPracticeElementDisplayed" time="0.339" classname="WebTestFrame.ValidatePractice"/>
  <testcase name="validPracticeWebTable" time="0.251" classname="WebTestFrame.ValidatePractice"/>
  <testcase name="validPracMouseHovrTop" time="0.243" classname="WebTestFrame.ValidatePractice"/>
  <testcase name="validPracMouseHovrReload" time="2.196" classname="WebTestFrame.ValidatePractice"/>
</testsuite> <!-- Test4 -->
