<?xml version="1.0" encoding="UTF-8"?>
<!-- Generated by org.testng.reporters.JUnitXMLReporter -->
<testsuite hostname="Gouravs-MacBook-Air.local" name="Test4"
	tests="11" failures="0" timestamp="8 Nov 2018 13:02:51 GMT"
	time="0.088" errors="0">
	<testcase name="@BeforeTest initialize" time="0.0"
		classname="WebTestFrame.ValidatePractice">
		<failure type="java.lang.IllegalStateException"
			message="The driver is not executable: /Users/gouravdas/git/DevTestFramework/BuildTestFrame/driver/chromedriver">
      <![CDATA[java.lang.IllegalStateException: The driver is not executable: /Users/gouravdas/git/DevTestFramework/BuildTestFrame/driver/chromedriver
	at com.google.common.base.Preconditions.checkState(Preconditions.java:585)
	at org.openqa.selenium.remote.service.DriverService.checkExecutable(DriverService.java:140)
	at org.openqa.selenium.remote.service.DriverService.findExecutable(DriverService.java:131)
	at org.openqa.selenium.chrome.ChromeDriverService.access$000(ChromeDriverService.java:33)
	at org.openqa.selenium.chrome.ChromeDriverService$Builder.findDefaultExecutable(ChromeDriverService.java:139)
	at org.openqa.selenium.remote.service.DriverService$Builder.build(DriverService.java:335)
	at org.openqa.selenium.chrome.ChromeDriverService.createDefaultService(ChromeDriverService.java:89)
	at org.openqa.selenium.chrome.ChromeDriver.<init>(ChromeDriver.java:123)
	at resources.base.initializeDriver(base.java:33)
	at WebTestFrame.ValidatePractice.initialize(ValidatePractice.java:30)
... Removed 22 stack frames]]>
		</failure>
	</testcase> <!-- @BeforeTest initialize -->
	<testcase name="@BeforeClass validPracticeLink" time="0.0"
		classname="WebTestFrame.ValidatePractice">
		<skipped />
	</testcase> <!-- @BeforeClass validPracticeLink -->
	<testcase name="@AfterTest teardown" time="0.0"
		classname="WebTestFrame.ValidatePractice">
		<skipped />
	</testcase> <!-- @AfterTest teardown -->
	<testcase name="validPracticeDropdown" time="0.001"
		classname="WebTestFrame.ValidatePractice">
		<skipped />
	</testcase> <!-- validPracticeDropdown -->
	<testcase name="validPracticeRadio" time="0.002"
		classname="WebTestFrame.ValidatePractice">
		<skipped />
	</testcase> <!-- validPracticeRadio -->
	<testcase name="validSuggessionTxtBox" time="0.001"
		classname="WebTestFrame.ValidatePractice">
		<skipped />
	</testcase> <!-- validSuggessionTxtBox -->
	<testcase name="validPracticeCheckbox" time="0.001"
		classname="WebTestFrame.ValidatePractice">
		<skipped />
	</testcase> <!-- validPracticeCheckbox -->
	<testcase name="validPracticeSwitchWindow" time="0.001"
		classname="WebTestFrame.ValidatePractice">
		<skipped />
	</testcase> <!-- validPracticeSwitchWindow -->
	<testcase name="validPracticeSwitchTab" time="0.001"
		classname="WebTestFrame.ValidatePractice">
		<skipped />
	</testcase> <!-- validPracticeSwitchTab -->
	<testcase name="validPracticeSwitchAlert" time="0.0"
		classname="WebTestFrame.ValidatePractice">
		<skipped />
	</testcase> <!-- validPracticeSwitchAlert -->
	<testcase name="validPracticeElementDisplayed" time="0.004"
		classname="WebTestFrame.ValidatePractice">
		<skipped />
	</testcase> <!-- validPracticeElementDisplayed -->
	<testcase name="validPracticeWebTable" time="0.002"
		classname="WebTestFrame.ValidatePractice">
		<skipped />
	</testcase> <!-- validPracticeWebTable -->
	<testcase name="validPracMouseHovrTop" time="0.042"
		classname="WebTestFrame.ValidatePractice">
		<skipped />
	</testcase> <!-- validPracMouseHovrTop -->
	<testcase name="validPracMouseHovrReload" time="0.001"
		classname="WebTestFrame.ValidatePractice">
		<skipped />
	</testcase> <!-- validPracMouseHovrReload -->
</testsuite> <!-- Test4 -->
