<?xml version="1.0" encoding="UTF-8"?>
<!-- Generated by org.testng.reporters.JUnitXMLReporter -->
<testsuite hostname="Gouravs-MacBook-Air.local" name="Test5" tests="6" failures="0" timestamp="18 Nov 2018 18:58:52 GMT" time="20.842" errors="0">
  <testcase name="validEmailPwd" time="1.931" classname="WebTestFrame.validateLogin"/>
  <testcase name="validEmailPwd" time="0.002" classname="WebTestFrame.validateLogin"/>
  <testcase name="validEmailPwd" time="0.001" classname="WebTestFrame.validateLogin"/>
  <testcase name="validErrorColor" time="0.034" classname="WebTestFrame.validateLogin"/>
  <testcase name="validErrorBgColor" time="0.053" classname="WebTestFrame.validateLogin"/>
  <testcase name="validForgetPwd" time="3.761" classname="WebTestFrame.validateLogin"/>
</testsuite> <!-- Test5 -->
