<?xml version="1.0" encoding="UTF-8"?>
<!-- Generated by org.testng.reporters.JUnitXMLReporter -->
<testsuite hostname="Gouravs-MacBook-Air.local" name="Test1" tests="10" failures="0" timestamp="18 Nov 2018 18:57:14 GMT" time="38.668" errors="0">
  <testcase name="validEmailReqdError" time="10.206" classname="WebTestFrame.validateCreateAccount"/>
  <testcase name="validEmailAdd" time="2.413" classname="WebTestFrame.validateCreateAccount"/>
  <testcase name="validFullName" time="2.05" classname="WebTestFrame.validateCreateAccount"/>
  <testcase name="validPwdNull" time="1.653" classname="WebTestFrame.validateCreateAccount"/>
  <testcase name="validPwdLength" time="3.84" classname="WebTestFrame.validateCreateAccount"/>
  <testcase name="validConPwdSame" time="2.297" classname="WebTestFrame.validateCreateAccount"/>
  <testcase name="validConPwdNotSame" time="2.088" classname="WebTestFrame.validateCreateAccount"/>
  <testcase name="validPolicyCheckBox" time="1.644" classname="WebTestFrame.validateCreateAccount"/>
  <testcase name="validErrorColor" time="1.895" classname="WebTestFrame.validateCreateAccount"/>
  <testcase name="validErrorBgColor" time="1.701" classname="WebTestFrame.validateCreateAccount"/>
</testsuite> <!-- Test1 -->
