<?xml version="1.0" encoding="UTF-8"?>
<testng-results skipped="0" failed="0" total="1" passed="1">
  <reporter-output>
  </reporter-output>
  <suite name="Default suite" duration-ms="70368" started-at="2018-11-12T01:32:41Z" finished-at="2018-11-12T01:33:52Z">
    <groups>
    </groups>
    <test name="Default test" duration-ms="70368" started-at="2018-11-12T01:32:41Z" finished-at="2018-11-12T01:33:52Z">
      <class name="WebTestFrame.validateCoursePageLinks">
        <test-method status="PASS" signature="initialization()[pri:0, instance:WebTestFrame.validateCoursePageLinks@7cd62f43]" name="initialization" is-config="true" duration-ms="2246" started-at="2018-11-11T20:32:41Z" finished-at="2018-11-11T20:32:43Z">
          <reporter-output>
          </reporter-output>
        </test-method> <!-- initialization -->
        <test-method status="PASS" signature="setURL()[pri:0, instance:WebTestFrame.validateCoursePageLinks@7cd62f43]" name="setURL" is-config="true" duration-ms="11077" started-at="2018-11-11T20:32:43Z" finished-at="2018-11-11T20:32:55Z">
          <reporter-output>
          </reporter-output>
        </test-method> <!-- setURL -->
        <test-method status="PASS" signature="validateLinkResponses()[pri:0, instance:WebTestFrame.validateCoursePageLinks@7cd62f43]" name="validateLinkResponses" duration-ms="56921" started-at="2018-11-11T20:32:55Z" finished-at="2018-11-11T20:33:51Z">
          <reporter-output>
          </reporter-output>
        </test-method> <!-- validateLinkResponses -->
        <test-method status="PASS" signature="teardown()[pri:0, instance:WebTestFrame.validateCoursePageLinks@7cd62f43]" name="teardown" is-config="true" duration-ms="98" started-at="2018-11-11T20:33:51Z" finished-at="2018-11-11T20:33:52Z">
          <reporter-output>
          </reporter-output>
        </test-method> <!-- teardown -->
      </class> <!-- WebTestFrame.validateCoursePageLinks -->
    </test> <!-- Default test -->
  </suite> <!-- Default suite -->
</testng-results>
